{"C:\\Users\\bgh\\Desktop\\Dev\\portifolio\\src\\App.js": {"path":"C:\\Users\\bgh\\Desktop\\Dev\\portifolio\\src\\App.js","statementMap":{"0":{"start":{"line":6,"column":10},"end":{"line":12,"column":1}},"1":{"start":{"line":7,"column":4},"end":{"line":11,"column":5}}},"fnMap":{"0":{"name":"(anonymous_0)","decl":{"start":{"line":6,"column":10},"end":{"line":6,"column":11}},"loc":{"start":{"line":6,"column":14},"end":{"line":12,"column":1}},"line":6}},"branchMap":{},"s":{"0":1,"1":0},"f":{"0":0},"b":{},"_coverageSchema":"1a1c01bbd47fc00a2c39e90264f33305004495a9","hash":"f84df73431b73975d8314466d02e4b6a3e993cd1"}
,"C:\\Users\\bgh\\Desktop\\Dev\\portifolio\\src\\Pages\\LandingPage.js": {"path":"C:\\Users\\bgh\\Desktop\\Dev\\portifolio\\src\\Pages\\LandingPage.js","statementMap":{"0":{"start":{"line":4,"column":18},"end":{"line":8,"column":1}},"1":{"start":{"line":5,"column":4},"end":{"line":7,"column":5}}},"fnMap":{"0":{"name":"(anonymous_0)","decl":{"start":{"line":4,"column":18},"end":{"line":4,"column":19}},"loc":{"start":{"line":4,"column":22},"end":{"line":8,"column":1}},"line":4}},"branchMap":{},"s":{"0":1,"1":0},"f":{"0":0},"b":{},"_coverageSchema":"1a1c01bbd47fc00a2c39e90264f33305004495a9","hash":"809f0393793e86413e6bb9e15ad661a24d4341a9"}
,"C:\\Users\\bgh\\Desktop\\Dev\\portifolio\\src\\components\\LandingPage\\Header.js": {"path":"C:\\Users\\bgh\\Desktop\\Dev\\portifolio\\src\\components\\LandingPage\\Header.js","statementMap":{"0":{"start":{"line":3,"column":13},"end":{"line":6,"column":1}},"1":{"start":{"line":4,"column":4},"end":{"line":4,"column":34}}},"fnMap":{"0":{"name":"(anonymous_0)","decl":{"start":{"line":3,"column":13},"end":{"line":3,"column":14}},"loc":{"start":{"line":3,"column":17},"end":{"line":6,"column":1}},"line":3}},"branchMap":{},"s":{"0":1,"1":0},"f":{"0":0},"b":{},"_coverageSchema":"1a1c01bbd47fc00a2c39e90264f33305004495a9","hash":"77fb9699074af43d62d44f7957834735020b31a1"}
,"C:\\Users\\bgh\\Desktop\\Dev\\portifolio\\src\\routes\\Route.js": {"path":"C:\\Users\\bgh\\Desktop\\Dev\\portifolio\\src\\routes\\Route.js","statementMap":{"0":{"start":{"line":5,"column":13},"end":{"line":11,"column":1}},"1":{"start":{"line":6,"column":4},"end":{"line":10,"column":5}}},"fnMap":{"0":{"name":"(anonymous_0)","decl":{"start":{"line":5,"column":13},"end":{"line":5,"column":14}},"loc":{"start":{"line":5,"column":17},"end":{"line":11,"column":1}},"line":5}},"branchMap":{},"s":{"0":1,"1":0},"f":{"0":0},"b":{},"_coverageSchema":"1a1c01bbd47fc00a2c39e90264f33305004495a9","hash":"ce00f0f3e3905151f84f64455248adb3674e0c2a"}
}
