{"/home/bizimungu/Desktop/Dev/portifolio/src/App.js": {"path":"/home/bizimungu/Desktop/Dev/portifolio/src/App.js","statementMap":{"0":{"start":{"line":6,"column":10},"end":{"line":12,"column":1}},"1":{"start":{"line":7,"column":4},"end":{"line":11,"column":5}}},"fnMap":{"0":{"name":"(anonymous_0)","decl":{"start":{"line":6,"column":10},"end":{"line":6,"column":11}},"loc":{"start":{"line":6,"column":14},"end":{"line":12,"column":1}},"line":6}},"branchMap":{},"s":{"0":1,"1":0},"f":{"0":0},"b":{},"_coverageSchema":"1a1c01bbd47fc00a2c39e90264f33305004495a9","hash":"a4837344805b0cf9a194489cbe6a49c49a23003d"}
,"/home/bizimungu/Desktop/Dev/portifolio/src/Pages/LandingPage.js": {"path":"/home/bizimungu/Desktop/Dev/portifolio/src/Pages/LandingPage.js","statementMap":{"0":{"start":{"line":4,"column":18},"end":{"line":8,"column":1}},"1":{"start":{"line":5,"column":4},"end":{"line":7,"column":5}}},"fnMap":{"0":{"name":"(anonymous_0)","decl":{"start":{"line":4,"column":18},"end":{"line":4,"column":19}},"loc":{"start":{"line":4,"column":22},"end":{"line":8,"column":1}},"line":4}},"branchMap":{},"s":{"0":1,"1":0},"f":{"0":0},"b":{},"_coverageSchema":"1a1c01bbd47fc00a2c39e90264f33305004495a9","hash":"cc3e38c20d8ce5d21f9412d85319c25d42ca91eb"}
,"/home/bizimungu/Desktop/Dev/portifolio/src/components/LandingPage/Header.js": {"path":"/home/bizimungu/Desktop/Dev/portifolio/src/components/LandingPage/Header.js","statementMap":{"0":{"start":{"line":3,"column":15},"end":{"line":21,"column":1}},"1":{"start":{"line":4,"column":4},"end":{"line":19,"column":15}}},"fnMap":{"0":{"name":"(anonymous_0)","decl":{"start":{"line":3,"column":15},"end":{"line":3,"column":16}},"loc":{"start":{"line":3,"column":21},"end":{"line":21,"column":1}},"line":3}},"branchMap":{},"s":{"0":1,"1":0},"f":{"0":0},"b":{},"_coverageSchema":"1a1c01bbd47fc00a2c39e90264f33305004495a9","hash":"af7e2afdf0f9142d6f4f39e8960010b4e1bb372a"}
,"/home/bizimungu/Desktop/Dev/portifolio/src/routes/Route.js": {"path":"/home/bizimungu/Desktop/Dev/portifolio/src/routes/Route.js","statementMap":{"0":{"start":{"line":5,"column":13},"end":{"line":11,"column":1}},"1":{"start":{"line":6,"column":4},"end":{"line":10,"column":5}}},"fnMap":{"0":{"name":"(anonymous_0)","decl":{"start":{"line":5,"column":13},"end":{"line":5,"column":14}},"loc":{"start":{"line":5,"column":17},"end":{"line":11,"column":1}},"line":5}},"branchMap":{},"s":{"0":1,"1":0},"f":{"0":0},"b":{},"_coverageSchema":"1a1c01bbd47fc00a2c39e90264f33305004495a9","hash":"ca207e9415b9fe664a1ac0996ec50b856490e666"}
}
